<?xml version="1.0" encoding="utf-8"?><testsuites><testsuite name="pytest" errors="0" failures="0" skipped="0" tests="2" time="22.448" timestamp="2024-12-16T10:46:41.904999+00:00" hostname="898f180184f5"><testcase classname="tests.entry_points.job_args.test_electrical_heating_job_args" name="test_when_parameters__parses_parameters_from_contract" time="0.015" /><testcase classname="tests.entry_points.test_entry_points" name="test__entry_point_exists[execute]" time="20.970" /></testsuite></testsuites>